This is pdfTeX, Version 3.14159265-2.6-1.40.21 (MiKTeX 20.7) (preloaded format=pdflatex 2020.8.24)  24 AUG 2020 20:50
entering extended mode
**./livro.tex
(livro.tex
LaTeX2e <2020-02-02> patch level 5
L3 programming layer <2020-08-07> ("C:\Program Files\MiKTeX\tex/latex/base\book
.cls"
Document Class: book 2019/12/20 v1.4l Standard LaTeX document class
("C:\Program Files\MiKTeX\tex/latex/base\bk10.clo"
File: bk10.clo 2019/12/20 v1.4l Standard LaTeX file (size option)
)
\c@part=\count168
\c@chapter=\count169
\c@section=\count170
\c@subsection=\count171
\c@subsubsection=\count172
\c@paragraph=\count173
\c@subparagraph=\count174
\c@figure=\count175
\c@table=\count176
\abovecaptionskip=\skip47
\belowcaptionskip=\skip48
\bibindent=\dimen134
) ("C:\Program Files\MiKTeX\tex/latex/lm\lmodern.sty"
Package: lmodern 2009/10/30 v1.6 Latin Modern Fonts
LaTeX Font Info:    Overwriting symbol font `operators' in version `normal'
(Font)                  OT1/cmr/m/n --> OT1/lmr/m/n on input line 22.
LaTeX Font Info:    Overwriting symbol font `letters' in version `normal'
(Font)                  OML/cmm/m/it --> OML/lmm/m/it on input line 23.
LaTeX Font Info:    Overwriting symbol font `symbols' in version `normal'
(Font)                  OMS/cmsy/m/n --> OMS/lmsy/m/n on input line 24.
LaTeX Font Info:    Overwriting symbol font `largesymbols' in version `normal'
(Font)                  OMX/cmex/m/n --> OMX/lmex/m/n on input line 25.
LaTeX Font Info:    Overwriting symbol font `operators' in version `bold'
(Font)                  OT1/cmr/bx/n --> OT1/lmr/bx/n on input line 26.
LaTeX Font Info:    Overwriting symbol font `letters' in version `bold'
(Font)                  OML/cmm/b/it --> OML/lmm/b/it on input line 27.
LaTeX Font Info:    Overwriting symbol font `symbols' in version `bold'
(Font)                  OMS/cmsy/b/n --> OMS/lmsy/b/n on input line 28.
LaTeX Font Info:    Overwriting symbol font `largesymbols' in version `bold'
(Font)                  OMX/cmex/m/n --> OMX/lmex/m/n on input line 29.
LaTeX Font Info:    Overwriting math alphabet `\mathbf' in version `normal'
(Font)                  OT1/cmr/bx/n --> OT1/lmr/bx/n on input line 31.
LaTeX Font Info:    Overwriting math alphabet `\mathsf' in version `normal'
(Font)                  OT1/cmss/m/n --> OT1/lmss/m/n on input line 32.
LaTeX Font Info:    Overwriting math alphabet `\mathit' in version `normal'
(Font)                  OT1/cmr/m/it --> OT1/lmr/m/it on input line 33.
LaTeX Font Info:    Overwriting math alphabet `\mathtt' in version `normal'
(Font)                  OT1/cmtt/m/n --> OT1/lmtt/m/n on input line 34.
LaTeX Font Info:    Overwriting math alphabet `\mathbf' in version `bold'
(Font)                  OT1/cmr/bx/n --> OT1/lmr/bx/n on input line 35.
LaTeX Font Info:    Overwriting math alphabet `\mathsf' in version `bold'
(Font)                  OT1/cmss/bx/n --> OT1/lmss/bx/n on input line 36.
LaTeX Font Info:    Overwriting math alphabet `\mathit' in version `bold'
(Font)                  OT1/cmr/bx/it --> OT1/lmr/bx/it on input line 37.
LaTeX Font Info:    Overwriting math alphabet `\mathtt' in version `bold'
(Font)                  OT1/cmtt/m/n --> OT1/lmtt/m/n on input line 38.
) ("C:\Program Files\MiKTeX\tex/latex/amsfonts\amssymb.sty"
Package: amssymb 2013/01/14 v3.01 AMS font symbols
("C:\Program Files\MiKTeX\tex/latex/amsfonts\amsfonts.sty"
Package: amsfonts 2013/01/14 v3.01 Basic AMSFonts support
\@emptytoks=\toks15
\symAMSa=\mathgroup4
\symAMSb=\mathgroup5
LaTeX Font Info:    Redeclaring math symbol \hbar on input line 98.
LaTeX Font Info:    Overwriting math alphabet `\mathfrak' in version `bold'
(Font)                  U/euf/m/n --> U/euf/b/n on input line 106.
)) ("C:\Program Files\MiKTeX\tex/latex/amsmath\amsmath.sty"
Package: amsmath 2020/01/20 v2.17e AMS math features
\@mathmargin=\skip49
For additional information on amsmath, use the `?' option.
("C:\Program Files\MiKTeX\tex/latex/amsmath\amstext.sty"
Package: amstext 2000/06/29 v2.01 AMS text
("C:\Program Files\MiKTeX\tex/latex/amsmath\amsgen.sty"
File: amsgen.sty 1999/11/30 v2.0 generic functions
\@emptytoks=\toks16
\ex@=\dimen135
)) ("C:\Program Files\MiKTeX\tex/latex/amsmath\amsbsy.sty"
Package: amsbsy 1999/11/29 v1.2d Bold Symbols
\pmbraise@=\dimen136
) ("C:\Program Files\MiKTeX\tex/latex/amsmath\amsopn.sty"
Package: amsopn 2016/03/08 v2.02 operator names
)
\inf@bad=\count177
LaTeX Info: Redefining \frac on input line 227.
\uproot@=\count178
\leftroot@=\count179
LaTeX Info: Redefining \overline on input line 389.
\classnum@=\count180
\DOTSCASE@=\count181
LaTeX Info: Redefining \ldots on input line 486.
LaTeX Info: Redefining \dots on input line 489.
LaTeX Info: Redefining \cdots on input line 610.
\Mathstrutbox@=\box45
\strutbox@=\box46
\big@size=\dimen137
LaTeX Font Info:    Redeclaring font encoding OML on input line 733.
LaTeX Font Info:    Redeclaring font encoding OMS on input line 734.
\macc@depth=\count182
\c@MaxMatrixCols=\count183
\dotsspace@=\muskip16
\c@parentequation=\count184
\dspbrk@lvl=\count185
\tag@help=\toks17
\row@=\count186
\column@=\count187
\maxfields@=\count188
\andhelp@=\toks18
\eqnshift@=\dimen138
\alignsep@=\dimen139
\tagshift@=\dimen140
\tagwidth@=\dimen141
\totwidth@=\dimen142
\lineht@=\dimen143
\@envbody=\toks19
\multlinegap=\skip50
\multlinetaggap=\skip51
\mathdisplay@stack=\toks20
LaTeX Info: Redefining \[ on input line 2859.
LaTeX Info: Redefining \] on input line 2860.
) ("C:\Program Files\MiKTeX\tex/generic/iftex\ifxetex.sty"
Package: ifxetex 2019/10/25 v0.7 ifxetex legacy package. Use iftex instead.
("C:\Program Files\MiKTeX\tex/generic/iftex\iftex.sty"
Package: iftex 2020/03/06 v1.0d TeX engine tests
)) ("C:\Program Files\MiKTeX\tex/generic/iftex\ifluatex.sty"
Package: ifluatex 2019/10/25 v1.5 ifluatex legacy package. Use iftex instead.
) ("C:\Program Files\MiKTeX\tex/latex/base\fontenc.sty"
Package: fontenc 2020/02/11 v2.0o Standard LaTeX package
LaTeX Font Info:    Trying to load font information for T1+lmr on input line 11
2.
("C:\Program Files\MiKTeX\tex/latex/lm\t1lmr.fd"
File: t1lmr.fd 2009/10/30 v1.6 Font defs for Latin Modern
)) ("C:\Program Files\MiKTeX\tex/latex/base\inputenc.sty"
Package: inputenc 2018/08/11 v1.3c Input encoding file
\inpenc@prehook=\toks21
\inpenc@posthook=\toks22
) ("C:\Program Files\MiKTeX\tex/latex/base\textcomp.sty"
Package: textcomp 2020/02/02 v2.0n Standard LaTeX package
) ("C:\Program Files\MiKTeX\tex/latex/upquote\upquote.sty"
Package: upquote 2012/04/19 v1.3 upright-quote and grave-accent glyphs in verba
tim
) ("C:\Program Files\MiKTeX\tex/latex/microtype\microtype.sty"
Package: microtype 2019/11/18 v2.7d Micro-typographical refinements (RS)
("C:\Program Files\MiKTeX\tex/latex/graphics\keyval.sty"
Package: keyval 2014/10/28 v1.15 key=value parser (DPC)
\KV@toks@=\toks23
)
\MT@toks=\toks24
\MT@count=\count189
LaTeX Info: Redefining \textls on input line 790.
\MT@outer@kern=\dimen144
LaTeX Info: Redefining \textmicrotypecontext on input line 1354.
\MT@listname@count=\count190
("C:\Program Files\MiKTeX\tex/latex/microtype\microtype-pdftex.def"
File: microtype-pdftex.def 2019/11/18 v2.7d Definitions specific to pdftex (RS)

LaTeX Info: Redefining \lsstyle on input line 914.
LaTeX Info: Redefining \lslig on input line 914.
\MT@outer@space=\skip52
)
Package microtype Info: Loading configuration file microtype.cfg.
("C:\Program Files\MiKTeX\tex/latex/microtype\microtype.cfg"
File: microtype.cfg 2019/11/18 v2.7d microtype main configuration file (RS)
)) ("C:\Program Files\MiKTeX\tex/latex/parskip\parskip.sty"
Package: parskip 2020-06-15 v2.0f non-zero parskip adjustments
("C:\Program Files\MiKTeX\tex/latex/kvoptions\kvoptions.sty"
Package: kvoptions 2019/11/29 v3.13 Key value format for package options (HO)
("C:\Program Files\MiKTeX\tex/generic/ltxcmds\ltxcmds.sty"
Package: ltxcmds 2019/12/15 v1.24 LaTeX kernel commands for general use (HO)
) ("C:\Program Files\MiKTeX\tex/generic/kvsetkeys\kvsetkeys.sty"
Package: kvsetkeys 2019/12/15 v1.18 Key value parser (HO)
)) ("C:\Program Files\MiKTeX\tex/latex/etoolbox\etoolbox.sty"
Package: etoolbox 2020/07/15 v2.5i e-TeX tools for LaTeX (JAW)
\etb@tempcnta=\count191
)) ("C:\Program Files\MiKTeX\tex/latex/xcolor\xcolor.sty"
Package: xcolor 2016/05/11 v2.12 LaTeX color extensions (UK)
("C:\Program Files\MiKTeX\tex/latex/graphics-cfg\color.cfg"
File: color.cfg 2016/01/02 v1.6 sample color configuration
)
Package xcolor Info: Driver file: pdftex.def on input line 225.
("C:\Program Files\MiKTeX\tex/latex/graphics-def\pdftex.def"
File: pdftex.def 2018/01/08 v1.0l Graphics/color driver for pdftex
)
Package xcolor Info: Model `cmy' substituted by `cmy0' on input line 1348.
Package xcolor Info: Model `hsb' substituted by `rgb' on input line 1352.
Package xcolor Info: Model `RGB' extended on input line 1364.
Package xcolor Info: Model `HTML' substituted by `rgb' on input line 1366.
Package xcolor Info: Model `Hsb' substituted by `hsb' on input line 1367.
Package xcolor Info: Model `tHsb' substituted by `hsb' on input line 1368.
Package xcolor Info: Model `HSB' substituted by `hsb' on input line 1369.
Package xcolor Info: Model `Gray' substituted by `gray' on input line 1370.
Package xcolor Info: Model `wave' substituted by `hsb' on input line 1371.
) ("C:\Program Files\MiKTeX\tex/latex/xurl\xurl.sty"
Package: xurl 2020/01/24 v 0.09 modify URL breaks
("C:\Program Files\MiKTeX\tex/latex/url\url.sty"
\Urlmuskip=\muskip17
Package: url 2013/09/16  ver 3.4  Verb mode for urls, etc.
)) ("C:\Program Files\MiKTeX\tex/latex/bookmark\bookmark.sty"
Package: bookmark 2019/12/03 v1.28 PDF bookmarks (HO)
("C:\Program Files\MiKTeX\tex/latex/hyperref\hyperref.sty"
Package: hyperref 2020-05-15 v7.00e Hypertext links for LaTeX
("C:\Program Files\MiKTeX\tex/generic/pdftexcmds\pdftexcmds.sty"
Package: pdftexcmds 2020-06-27 v0.33 Utility functions of pdfTeX for LuaTeX (HO
)
("C:\Program Files\MiKTeX\tex/generic/infwarerr\infwarerr.sty"
Package: infwarerr 2019/12/03 v1.5 Providing info/warning/error messages (HO)
)
Package pdftexcmds Info: \pdf@primitive is available.
Package pdftexcmds Info: \pdf@ifprimitive is available.
Package pdftexcmds Info: \pdfdraftmode found.
) ("C:\Program Files\MiKTeX\tex/generic/kvdefinekeys\kvdefinekeys.sty"
Package: kvdefinekeys 2019-12-19 v1.6 Define keys (HO)
) ("C:\Program Files\MiKTeX\tex/generic/pdfescape\pdfescape.sty"
Package: pdfescape 2019/12/09 v1.15 Implements pdfTeX's escape features (HO)
) ("C:\Program Files\MiKTeX\tex/latex/hycolor\hycolor.sty"
Package: hycolor 2020-01-27 v1.10 Color options for hyperref/bookmark (HO)
) ("C:\Program Files\MiKTeX\tex/latex/letltxmacro\letltxmacro.sty"
Package: letltxmacro 2019/12/03 v1.6 Let assignment for LaTeX macros (HO)
) ("C:\Program Files\MiKTeX\tex/latex/auxhook\auxhook.sty"
Package: auxhook 2019-12-17 v1.6 Hooks for auxiliary files (HO)
)
\@linkdim=\dimen145
\Hy@linkcounter=\count192
\Hy@pagecounter=\count193
("C:\Program Files\MiKTeX\tex/latex/hyperref\pd1enc.def"
File: pd1enc.def 2020-05-15 v7.00e Hyperref: PDFDocEncoding definition (HO)
Now handling font encoding PD1 ...
... no UTF-8 mapping file for font encoding PD1
) ("C:\Program Files\MiKTeX\tex/generic/intcalc\intcalc.sty"
Package: intcalc 2019/12/15 v1.3 Expandable calculations with integers (HO)
) ("C:\Program Files\MiKTeX\tex/generic/etexcmds\etexcmds.sty"
Package: etexcmds 2019/12/15 v1.7 Avoid name clashes with e-TeX commands (HO)
)
\Hy@SavedSpaceFactor=\count194
Package hyperref Info: Option `unicode' set `true' on input line 4338.
("C:\Program Files\MiKTeX\tex/latex/hyperref\puenc.def"
File: puenc.def 2020-05-15 v7.00e Hyperref: PDF Unicode definition (HO)
Now handling font encoding PU ...
... no UTF-8 mapping file for font encoding PU
)
Package hyperref Info: Hyper figures OFF on input line 4464.
Package hyperref Info: Link nesting OFF on input line 4469.
Package hyperref Info: Hyper index ON on input line 4472.
Package hyperref Info: Plain pages OFF on input line 4479.
Package hyperref Info: Backreferencing OFF on input line 4484.
Package hyperref Info: Implicit mode ON; LaTeX internals redefined.
Package hyperref Info: Bookmarks ON on input line 4717.
\c@Hy@tempcnt=\count195
LaTeX Info: Redefining \url on input line 5076.
\XeTeXLinkMargin=\dimen146
("C:\Program Files\MiKTeX\tex/generic/bitset\bitset.sty"
Package: bitset 2019/12/09 v1.3 Handle bit-vector datatype (HO)
("C:\Program Files\MiKTeX\tex/generic/bigintcalc\bigintcalc.sty"
Package: bigintcalc 2019/12/15 v1.5 Expandable calculations on big integers (HO
)
))
\Fld@menulength=\count196
\Field@Width=\dimen147
\Fld@charsize=\dimen148
Package hyperref Info: Hyper figures OFF on input line 6347.
Package hyperref Info: Link nesting OFF on input line 6352.
Package hyperref Info: Hyper index ON on input line 6355.
Package hyperref Info: backreferencing OFF on input line 6362.
Package hyperref Info: Link coloring OFF on input line 6367.
Package hyperref Info: Link coloring with OCG OFF on input line 6372.
Package hyperref Info: PDF/A mode OFF on input line 6377.
LaTeX Info: Redefining \ref on input line 6417.
LaTeX Info: Redefining \pageref on input line 6421.
("C:\Program Files\MiKTeX\tex/generic/atbegshi\atbegshi.sty"
Package: atbegshi 2019/12/05 v1.19 At begin shipout hook (HO)
)
\Hy@abspage=\count197
\c@Item=\count198
\c@Hfootnote=\count199
)
Package hyperref Info: Driver (autodetected): hpdftex.
("C:\Program Files\MiKTeX\tex/latex/hyperref\hpdftex.def"
File: hpdftex.def 2020-05-15 v7.00e Hyperref driver for pdfTeX
("C:\Program Files\MiKTeX\tex/latex/atveryend\atveryend.sty"
Package: atveryend 2019-12-11 v1.11 Hooks at the very end of document (HO)
)
\Fld@listcount=\count266
\c@bookmark@seq@number=\count267
("C:\Program Files\MiKTeX\tex/latex/rerunfilecheck\rerunfilecheck.sty"
Package: rerunfilecheck 2019/12/05 v1.9 Rerun checks for auxiliary files (HO)
("C:\Program Files\MiKTeX\tex/generic/uniquecounter\uniquecounter.sty"
Package: uniquecounter 2019/12/15 v1.4 Provide unlimited unique counter (HO)
)
Package uniquecounter Info: New unique counter `rerunfilecheck' on input line 2
86.
)
\Hy@SectionHShift=\skip53
) ("C:\Program Files\MiKTeX\tex/latex/bookmark\bkm-pdftex.def"
File: bkm-pdftex.def 2019/12/03 v1.28 bookmark driver for pdfTeX (HO)
\BKM@id=\count268
)) ("C:\Program Files\MiKTeX\tex/latex/fancyvrb\fancyvrb.sty"
Package: fancyvrb 2020/05/03 v3.6 verbatim text (tvz,hv)
\FV@CodeLineNo=\count269
\FV@InFile=\read2
\FV@TabBox=\box47
\c@FancyVerbLine=\count270
\FV@StepNumber=\count271
\FV@OutFile=\write3
) ("C:\Program Files\MiKTeX\tex/latex/framed\framed.sty"
Package: framed 2011/10/22 v 0.96: framed or shaded text with page breaks
\OuterFrameSep=\skip54
\fb@frw=\dimen149
\fb@frh=\dimen150
\FrameRule=\dimen151
\FrameSep=\dimen152
) ("C:\Program Files\MiKTeX\tex/latex/tools\longtable.sty"
Package: longtable 2020/01/07 v4.13 Multi-page Table package (DPC)
\LTleft=\skip55
\LTright=\skip56
\LTpre=\skip57
\LTpost=\skip58
\LTchunksize=\count272
\LTcapwidth=\dimen153
\LT@head=\box48
\LT@firsthead=\box49
\LT@foot=\box50
\LT@lastfoot=\box51
\LT@cols=\count273
\LT@rows=\count274
\c@LT@tables=\count275
\c@LT@chunks=\count276
\LT@p@ftn=\toks25
) ("C:\Program Files\MiKTeX\tex/latex/booktabs\booktabs.sty"
Package: booktabs 2020/01/12 v1.61803398 Publication quality tables
\heavyrulewidth=\dimen154
\lightrulewidth=\dimen155
\cmidrulewidth=\dimen156
\belowrulesep=\dimen157
\belowbottomsep=\dimen158
\aboverulesep=\dimen159
\abovetopsep=\dimen160
\cmidrulesep=\dimen161
\cmidrulekern=\dimen162
\defaultaddspace=\dimen163
\@cmidla=\count277
\@cmidlb=\count278
\@aboverulesep=\dimen164
\@belowrulesep=\dimen165
\@thisruleclass=\count279
\@lastruleclass=\count280
\@thisrulewidth=\dimen166
) ("C:\Program Files\MiKTeX\tex/latex/footnotehyper\footnotehyper.sty"
Package: footnotehyper 2019/11/07 v1.1a hyperref aware footnote.sty (JFB)
\FNH@notes=\box52
\FNH@width=\dimen167
) ("C:\Program Files\MiKTeX\tex/latex/graphics\graphicx.sty"
Package: graphicx 2019/11/30 v1.2a Enhanced LaTeX Graphics (DPC,SPQR)
("C:\Program Files\MiKTeX\tex/latex/graphics\graphics.sty"
Package: graphics 2019/11/30 v1.4a Standard LaTeX Graphics (DPC,SPQR)
("C:\Program Files\MiKTeX\tex/latex/graphics\trig.sty"
Package: trig 2016/01/03 v1.10 sin cos tan (DPC)
) ("C:\Program Files\MiKTeX\tex/latex/graphics-cfg\graphics.cfg"
File: graphics.cfg 2016/06/04 v1.11 sample graphics configuration
)
Package graphics Info: Driver file: pdftex.def on input line 105.
)
\Gin@req@height=\dimen168
\Gin@req@width=\dimen169
) ("C:\Program Files\MiKTeX\tex/latex/grffile\grffile.sty"
Package: grffile 2019/11/11 v2.1 Extended file name support for graphics (legac
y)
Package grffile Info: This package is an empty stub for compatibility on input 
line 40.
) ("C:\Program Files\MiKTeX\tex/latex/l3backend\l3backend-pdfmode.def"
File: l3backend-pdfmode.def 2020-08-07 L3 backend support: PDF mode
\l__kernel_color_stack_int=\count281
\l__pdf_internal_box=\box53
) (livro.aux)
\openout1 = `livro.aux'.

LaTeX Font Info:    Checking defaults for OML/cmm/m/it on input line 115.
LaTeX Font Info:    ... okay on input line 115.
LaTeX Font Info:    Checking defaults for OMS/cmsy/m/n on input line 115.
LaTeX Font Info:    ... okay on input line 115.
LaTeX Font Info:    Checking defaults for OT1/cmr/m/n on input line 115.
LaTeX Font Info:    ... okay on input line 115.
LaTeX Font Info:    Checking defaults for T1/cmr/m/n on input line 115.
LaTeX Font Info:    ... okay on input line 115.
LaTeX Font Info:    Checking defaults for TS1/cmr/m/n on input line 115.
LaTeX Font Info:    ... okay on input line 115.
LaTeX Font Info:    Checking defaults for OMX/cmex/m/n on input line 115.
LaTeX Font Info:    ... okay on input line 115.
LaTeX Font Info:    Checking defaults for U/cmr/m/n on input line 115.
LaTeX Font Info:    ... okay on input line 115.
LaTeX Font Info:    Checking defaults for PD1/pdf/m/n on input line 115.
LaTeX Font Info:    ... okay on input line 115.
LaTeX Font Info:    Checking defaults for PU/pdf/m/n on input line 115.
LaTeX Font Info:    ... okay on input line 115.
LaTeX Info: Redefining \microtypecontext on input line 115.
Package microtype Info: Generating PDF output.
Package microtype Info: Character protrusion enabled (level 2).
Package microtype Info: Using protrusion set `basicmath'.
Package microtype Info: Automatic font expansion enabled (level 2),
(microtype)             stretch: 20, shrink: 20, step: 1, non-selected.
Package microtype Info: Using default expansion set `basictext'.
LaTeX Info: Redefining \showhyphens on input line 115.
Package microtype Info: No adjustment of tracking.
Package microtype Info: No adjustment of interword spacing.
Package microtype Info: No adjustment of character kerning.
("C:\Program Files\MiKTeX\tex/latex/microtype\mt-cmr.cfg"
File: mt-cmr.cfg 2013/05/19 v2.2 microtype config. file: Computer Modern Roman 
(RS)
) ("C:\Program Files\MiKTeX\tex/context/base/mkii\supp-pdf.mkii"
[Loading MPS to PDF converter (version 2006.09.02).]
\scratchcounter=\count282
\scratchdimen=\dimen170
\scratchbox=\box54
\nofMPsegments=\count283
\nofMParguments=\count284
\everyMPshowfont=\toks26
\MPscratchCnt=\count285
\MPscratchDim=\dimen171
\MPnumerator=\count286
\makeMPintoPDFobject=\count287
\everyMPtoPDFconversion=\toks27
) ("C:\Program Files\MiKTeX\tex/latex/epstopdf-pkg\epstopdf-base.sty"
Package: epstopdf-base 2020-01-24 v2.11 Base part for package epstopdf
Package epstopdf-base Info: Redefining graphics rule for `.eps' on input line 4
85.
)
\AtBeginShipoutBox=\box55
Package hyperref Info: Link coloring OFF on input line 115.
("C:\Program Files\MiKTeX\tex/latex/hyperref\nameref.sty"
Package: nameref 2019/09/16 v2.46 Cross-referencing by name of section
("C:\Program Files\MiKTeX\tex/latex/refcount\refcount.sty"
Package: refcount 2019/12/15 v3.6 Data extraction from label references (HO)
) ("C:\Program Files\MiKTeX\tex/generic/gettitlestring\gettitlestring.sty"
Package: gettitlestring 2019/12/15 v1.6 Cleanup title references (HO)
)
\c@section@level=\count288
)
LaTeX Info: Redefining \ref on input line 115.
LaTeX Info: Redefining \pageref on input line 115.
LaTeX Info: Redefining \nameref on input line 115.
LaTeX Font Info:    Trying to load font information for OT1+lmr on input line 1
18.
("C:\Program Files\MiKTeX\tex/latex/lm\ot1lmr.fd"
File: ot1lmr.fd 2009/10/30 v1.6 Font defs for Latin Modern
)
LaTeX Font Info:    Trying to load font information for OML+lmm on input line 1
18.
("C:\Program Files\MiKTeX\tex/latex/lm\omllmm.fd"
File: omllmm.fd 2009/10/30 v1.6 Font defs for Latin Modern
)
LaTeX Font Info:    Trying to load font information for OMS+lmsy on input line 
118.
("C:\Program Files\MiKTeX\tex/latex/lm\omslmsy.fd"
File: omslmsy.fd 2009/10/30 v1.6 Font defs for Latin Modern
)
LaTeX Font Info:    Trying to load font information for OMX+lmex on input line 
118.
("C:\Program Files\MiKTeX\tex/latex/lm\omxlmex.fd"
File: omxlmex.fd 2009/10/30 v1.6 Font defs for Latin Modern
)
LaTeX Font Info:    External font `lmex10' loaded for size
(Font)              <12> on input line 118.
LaTeX Font Info:    External font `lmex10' loaded for size
(Font)              <8> on input line 118.
LaTeX Font Info:    External font `lmex10' loaded for size
(Font)              <6> on input line 118.
LaTeX Font Info:    Trying to load font information for U+msa on input line 118
.
("C:\Program Files\MiKTeX\tex/latex/amsfonts\umsa.fd"
File: umsa.fd 2013/01/14 v3.01 AMS symbols A
) ("C:\Program Files\MiKTeX\tex/latex/microtype\mt-msa.cfg"
File: mt-msa.cfg 2006/02/04 v1.1 microtype config. file: AMS symbols (a) (RS)
)
LaTeX Font Info:    Trying to load font information for U+msb on input line 118
.
("C:\Program Files\MiKTeX\tex/latex/amsfonts\umsb.fd"
File: umsb.fd 2013/01/14 v3.01 AMS symbols B
) ("C:\Program Files\MiKTeX\tex/latex/microtype\mt-msb.cfg"
File: mt-msb.cfg 2005/06/01 v1.0 microtype config. file: AMS symbols (b) (RS)
) [1



{C:/Users/Kaike W. Reis/AppData/Local/MiKTeX/pdftex/config/pdftex.map}] [2

]
LaTeX Font Info:    Trying to load font information for T1+lmtt on input line 1
21.
("C:\Program Files\MiKTeX\tex/latex/lm\t1lmtt.fd"
File: t1lmtt.fd 2009/10/30 v1.6 Font defs for Latin Modern
)
LaTeX Font Info:    Font shape `T1/lmtt/bx/n' in size <10> not available
(Font)              Font shape `T1/lmtt/b/n' tried instead on input line 122.
[1] [2

]
LaTeX Font Info:    External font `lmex10' loaded for size
(Font)              <10> on input line 136.
LaTeX Font Info:    External font `lmex10' loaded for size
(Font)              <7> on input line 136.
LaTeX Font Info:    External font `lmex10' loaded for size
(Font)              <5> on input line 136.
<fig/open_Rstudio.png, id=26, 1371.1225pt x 770.88pt>
File: fig/open_Rstudio.png Graphic file (type png)
<use fig/open_Rstudio.png>
Package pdftex.def Info: fig/open_Rstudio.png  used on input line 153.
(pdftex.def)             Requested size: 344.99747pt x 193.96637pt.
<fig/install_packages_rstudio_visual.png, id=28, 1371.1225pt x 770.88pt>
File: fig/install_packages_rstudio_visual.png Graphic file (type png)
<use fig/install_packages_rstudio_visual.png>
Package pdftex.def Info: fig/install_packages_rstudio_visual.png  used on input
 line 168.
(pdftex.def)             Requested size: 344.99747pt x 193.96637pt.
<fig/install_packages_rstudio_visual_bookdown.png, id=29, 1371.1225pt x 770.88p
t>
File: fig/install_packages_rstudio_visual_bookdown.png Graphic file (type png)
<use fig/install_packages_rstudio_visual_bookdown.png>
Package pdftex.def Info: fig/install_packages_rstudio_visual_bookdown.png  used
 on input line 184.
(pdftex.def)             Requested size: 344.99747pt x 193.96637pt.
<fig/install_packages_rstudio_visual_bookdown_run.png, id=30, 1371.1225pt x 770
.88pt>
File: fig/install_packages_rstudio_visual_bookdown_run.png Graphic file (type p
ng)
<use fig/install_packages_rstudio_visual_bookdown_run.png>
Package pdftex.def Info: fig/install_packages_rstudio_visual_bookdown_run.png  
used on input line 193.
(pdftex.def)             Requested size: 319.99614pt x 179.90997pt.

Overfull \hbox (153.1072pt too wide) in paragraph at lines 192--195
[]\T1/lmr/m/n/10 (-20) Finalmente, o código será in-sta-l-ado, [] 
 []

[3 <./fig/install_packages_rstudio_visual_bookdown_run.png>] [4 <./fig/open_Rst
udio.png> <./fig/install_packages_rstudio_visual.png>]
File: fig/install_packages_rstudio_visual_bookdown_run.png Graphic file (type p
ng)
<use fig/install_packages_rstudio_visual_bookdown_run.png>
Package pdftex.def Info: fig/install_packages_rstudio_visual_bookdown_run.png  
used on input line 202.
(pdftex.def)             Requested size: 344.99747pt x 193.96637pt.
[5 <./fig/install_packages_rstudio_visual_bookdown.png>] [6]
<fig/rstudio_select_new_Project.png, id=75, 1371.1225pt x 770.88pt>
File: fig/rstudio_select_new_Project.png Graphic file (type png)
<use fig/rstudio_select_new_Project.png>
Package pdftex.def Info: fig/rstudio_select_new_Project.png  used on input line
 259.
(pdftex.def)             Requested size: 344.99747pt x 193.96637pt.
<fig/select_new_directory.png, id=76, 1371.1225pt x 770.88pt>
File: fig/select_new_directory.png Graphic file (type png)
<use fig/select_new_directory.png>
Package pdftex.def Info: fig/select_new_directory.png  used on input line 273.
(pdftex.def)             Requested size: 344.99747pt x 193.96637pt.
<fig/select_Book_Project_with_bookdown.png, id=77, 1371.1225pt x 770.88pt>
File: fig/select_Book_Project_with_bookdown.png Graphic file (type png)
<use fig/select_Book_Project_with_bookdown.png>
Package pdftex.def Info: fig/select_Book_Project_with_bookdown.png  used on inp
ut line 287.
(pdftex.def)             Requested size: 344.99747pt x 193.96637pt.
<fig/outra.png, id=78, 1371.1225pt x 770.88pt>
File: fig/outra.png Graphic file (type png)
<use fig/outra.png>
Package pdftex.def Info: fig/outra.png  used on input line 302.
(pdftex.def)             Requested size: 344.99747pt x 193.96637pt.
LaTeX Font Info:    Trying to load font information for TS1+lmr on input line 3
12.
("C:\Program Files\MiKTeX\tex/latex/lm\ts1lmr.fd"
File: ts1lmr.fd 2009/10/30 v1.6 Font defs for Latin Modern
) [7

] [8 <./fig/rstudio_select_new_Project.png> <./fig/select_new_directory.png>] [
9 <./fig/select_Book_Project_with_bookdown.png> <./fig/outra.png>] [10] [11

]
<livro_files/figure-latex/f31-1.pdf, id=121, 1445.4pt x 722.7pt>
File: livro_files/figure-latex/f31-1.pdf Graphic file (type pdf)
<use livro_files/figure-latex/f31-1.pdf>
Package pdftex.def Info: livro_files/figure-latex/f31-1.pdf  used on input line
 414.
(pdftex.def)             Requested size: 344.9843pt x 172.49214pt.
[12 <./livro_files/figure-latex/f31-1.pdf>] [13]
<livro_files/figure-latex/f32-1.pdf, id=152, 1445.4pt x 722.7pt>
File: livro_files/figure-latex/f32-1.pdf Graphic file (type pdf)
<use livro_files/figure-latex/f32-1.pdf>
Package pdftex.def Info: livro_files/figure-latex/f32-1.pdf  used on input line
 503.
(pdftex.def)             Requested size: 344.9843pt x 172.49214pt.
[14 <./livro_files/figure-latex/f32-1.pdf>]

LaTeX Warning: Command \^ invalid in math mode on input line 547.


Package amsmath Warning: Foreign command \atopwithdelims;
(amsmath)                \frac or \genfrac should be used instead
(amsmath)                 on input line 547.


LaTeX Warning: Command \' invalid in math mode on input line 547.

<livro_files/figure-latex/f33-1.pdf, id=197, 1445.4pt x 722.7pt>
File: livro_files/figure-latex/f33-1.pdf Graphic file (type pdf)
<use livro_files/figure-latex/f33-1.pdf>
Package pdftex.def Info: livro_files/figure-latex/f33-1.pdf  used on input line
 556.
(pdftex.def)             Requested size: 344.9843pt x 172.49214pt.

LaTeX Warning: Command \^ invalid in math mode on input line 569.


Overfull \hbox (72.73534pt too wide) detected at line 569
\OML/lmm/m/it/10 Frequ\OT1/lmr/m/n/10 ê\OML/lmm/m/it/10 ncia Relativa\OT1/lmr/m
/n/10 (%) = 100 \OMS/lmsy/m/n/10  []
 []

[15 <./livro_files/figure-latex/f33-1.pdf>] [16]
<fig/open_mendeley.png, id=255, 1371.1225pt x 770.88pt>
File: fig/open_mendeley.png Graphic file (type png)
<use fig/open_mendeley.png>
Package pdftex.def Info: fig/open_mendeley.png  used on input line 641.
(pdftex.def)             Requested size: 344.99747pt x 193.96637pt.
<fig/mendeley_select_CDnaEP_paper_list.png, id=256, 1371.1225pt x 770.88pt>
File: fig/mendeley_select_CDnaEP_paper_list.png Graphic file (type png)
<use fig/mendeley_select_CDnaEP_paper_list.png>
Package pdftex.def Info: fig/mendeley_select_CDnaEP_paper_list.png  used on inp
ut line 647.
(pdftex.def)             Requested size: 344.99747pt x 193.96637pt.
<fig/mendeley_copy_bibtex_entry.jpeg, id=257, 1284.8pt x 722.7pt>
File: fig/mendeley_copy_bibtex_entry.jpeg Graphic file (type jpg)
<use fig/mendeley_copy_bibtex_entry.jpeg>
Package pdftex.def Info: fig/mendeley_copy_bibtex_entry.jpeg  used on input lin
e 653.
(pdftex.def)             Requested size: 344.99901pt x 194.06194pt.
<fig/rstudio_open_bookbib_first.png, id=258, 1371.1225pt x 770.88pt>
File: fig/rstudio_open_bookbib_first.png Graphic file (type png)
<use fig/rstudio_open_bookbib_first.png>
Package pdftex.def Info: fig/rstudio_open_bookbib_first.png  used on input line
 664.
(pdftex.def)             Requested size: 344.99747pt x 193.96637pt.
<fig/rstudio_open_bookbib_second.png, id=260, 1371.1225pt x 770.88pt>
File: fig/rstudio_open_bookbib_second.png Graphic file (type png)
<use fig/rstudio_open_bookbib_second.png>
Package pdftex.def Info: fig/rstudio_open_bookbib_second.png  used on input lin
e 671.
(pdftex.def)             Requested size: 344.99747pt x 193.96637pt.
<fig/rstudio_open_bookbib_third.png, id=262, 1371.1225pt x 770.88pt>
File: fig/rstudio_open_bookbib_third.png Graphic file (type png)
<use fig/rstudio_open_bookbib_third.png>
Package pdftex.def Info: fig/rstudio_open_bookbib_third.png  used on input line
 678.
(pdftex.def)             Requested size: 344.99747pt x 193.96637pt.
[17

] [18 <./fig/open_mendeley.png> <./fig/mendeley_select_CDnaEP_paper_list.png>] 
[19 <./fig/mendeley_copy_bibtex_entry.jpeg> <./fig/rstudio_open_bookbib_first.p
ng>] [20 <./fig/rstudio_open_bookbib_second.png> <./fig/rstudio_open_bookbib_th
ird.png>]
LaTeX Font Info:    Trying to load font information for TS1+lmtt on input line 
723.
("C:\Program Files\MiKTeX\tex/latex/lm\ts1lmtt.fd"
File: ts1lmtt.fd 2009/10/30 v1.6 Font defs for Latin Modern
)
Overfull \hbox (101.2487pt too wide) in paragraph at lines 733--733
[]\T1/lmtt/m/n/10 ## Error in read_csv("data/caso.csv"): não foi possível encon
trar a função "read_csv"[] 
 []


Overfull \hbox (32.9989pt too wide) in paragraph at lines 747--747
[]\T1/lmtt/m/n/10 ## Error in library("tidyverse"): there is no package called 
\TS1/lmtt/m/n/10 '\T1/lmtt/m/n/10 tidyverse\TS1/lmtt/m/n/10 '[] 
 []


Overfull \hbox (1.499pt too wide) in paragraph at lines 755--755
[]\T1/lmtt/m/n/10 ## Error in library(ggplot2): there is no package called \TS1
/lmtt/m/n/10 '\T1/lmtt/m/n/10 ggplot2\TS1/lmtt/m/n/10 '[] 
 []


Overfull \hbox (405.74782pt too wide) in paragraph at lines 759--759
[]\T1/lmtt/m/n/10 ## Error in read_delim("data/HIST_PAINEL_COVIDBR_21jun2020.cs
v", ";", escape_double = FALSE, : não foi possível encontrar a função "read_del
im"[] 
 []


Overfull \hbox (64.49881pt too wide) in paragraph at lines 763--763
[]\T1/lmtt/m/n/10 ## Error in as.Date(caso_MS$data, "%m/%d/%Y"): objeto \TS1/lm
tt/m/n/10 '\T1/lmtt/m/n/10 caso_MS\TS1/lmtt/m/n/10 ' \T1/lmtt/m/n/10 não encont
rado[] 
 []


Overfull \hbox (22.49893pt too wide) in paragraph at lines 767--767
[]\T1/lmtt/m/n/10 ## Error in eval(lhs, parent, parent): objeto \TS1/lmtt/m/n/1
0 '\T1/lmtt/m/n/10 caso_MS\TS1/lmtt/m/n/10 ' \T1/lmtt/m/n/10 não encontrado[] 
 []


Overfull \hbox (53.99884pt too wide) in paragraph at lines 771--771
[]\T1/lmtt/m/n/10 ## Warning in min(x): nenhum argumento não faltante para min;
 retornando Inf[] 
 []

[21

]
Overfull \hbox (59.24883pt too wide) in paragraph at lines 775--775
[]\T1/lmtt/m/n/10 ## Warning in max(x): nenhum argumento não faltante para max;
 retornando -Inf[] 
 []


Overfull \hbox (53.99884pt too wide) in paragraph at lines 779--779
[]\T1/lmtt/m/n/10 ## Warning in min(x): nenhum argumento não faltante para min;
 retornando Inf[] 
 []


Overfull \hbox (59.24883pt too wide) in paragraph at lines 783--783
[]\T1/lmtt/m/n/10 ## Warning in max(x): nenhum argumento não faltante para max;
 retornando -Inf[] 
 []


Overfull \hbox (38.24889pt too wide) in paragraph at lines 787--787
[]\T1/lmtt/m/n/10 ## Error in plot.window(...): valores finitos são necessários
 para \TS1/lmtt/m/n/10 '\T1/lmtt/m/n/10 xlim\TS1/lmtt/m/n/10 '[] 
 []

<livro_files/figure-latex/unnamed-chunk-8-1.pdf, id=325, 469.755pt x 325.215pt>

File: livro_files/figure-latex/unnamed-chunk-8-1.pdf Graphic file (type pdf)
<use livro_files/figure-latex/unnamed-chunk-8-1.pdf>
Package pdftex.def Info: livro_files/figure-latex/unnamed-chunk-8-1.pdf  used o
n input line 789.
(pdftex.def)             Requested size: 344.997pt x 238.84406pt.

Overfull \hbox (22.49893pt too wide) in paragraph at lines 793--793
[]\T1/lmtt/m/n/10 ## Error in eval(lhs, parent, parent): objeto \TS1/lmtt/m/n/1
0 '\T1/lmtt/m/n/10 caso_MS\TS1/lmtt/m/n/10 ' \T1/lmtt/m/n/10 não encontrado[] 
 []


Overfull \hbox (53.99884pt too wide) in paragraph at lines 799--799
[]\T1/lmtt/m/n/10 ## Warning in min(x): nenhum argumento não faltante para min;
 retornando Inf[] 
 []


Overfull \hbox (59.24883pt too wide) in paragraph at lines 799--799
[]\T1/lmtt/m/n/10 ## Warning in min(x): nenhum argumento não faltante para max;
 retornando -Inf[] 
 []


Overfull \hbox (53.99884pt too wide) in paragraph at lines 803--803
[]\T1/lmtt/m/n/10 ## Warning in min(x): nenhum argumento não faltante para min;
 retornando Inf[] 
 []


Overfull \hbox (59.24883pt too wide) in paragraph at lines 807--807
[]\T1/lmtt/m/n/10 ## Warning in max(x): nenhum argumento não faltante para max;
 retornando -Inf[] 
 []


Overfull \hbox (38.24889pt too wide) in paragraph at lines 811--811
[]\T1/lmtt/m/n/10 ## Error in plot.window(...): valores finitos são necessários
 para \TS1/lmtt/m/n/10 '\T1/lmtt/m/n/10 xlim\TS1/lmtt/m/n/10 '[] 
 []


Overfull \hbox (227.24834pt too wide) in paragraph at lines 815--815
[]\T1/lmtt/m/n/10 ## Error in UseMethod("weekdays"): método não aplicável para 
\TS1/lmtt/m/n/10 '\T1/lmtt/m/n/10 weekdays\TS1/lmtt/m/n/10 ' \T1/lmtt/m/n/10 ap
licado a um objeto de classe "NULL"[] 
 []


Overfull \hbox (300.74812pt too wide) in paragraph at lines 819--819
[]\T1/lmtt/m/n/10 ## Error in ggplot(caso_MS_BR, aes(x = data, y = quantidade, 
fill = dayweek)): não foi possível encontrar a função "ggplot"[] 
 []

[22 <./livro_files/figure-latex/unnamed-chunk-8-1.pdf>] [23

] [24]
Package atveryend Info: Empty hook `BeforeClearDocument' on input line 895.
Package atveryend Info: Empty hook `AfterLastShipout' on input line 895.
(livro.aux)
Package atveryend Info: Executing hook `AtVeryEndDocument' on input line 895.
Package atveryend Info: Empty hook `AtEndAfterFileList' on input line 895.
 ) 
Here is how much of TeX's memory you used:
 13555 strings out of 481212
 199096 string characters out of 2915701
 484926 words of memory out of 3000000
 28664 multiletter control sequences out of 15000+200000
 600519 words of font info for 131 fonts, out of 3000000 for 9000
 1141 hyphenation exceptions out of 8191
 50i,6n,42p,806b,467s stack positions out of 5000i,500n,10000p,200000b,50000s
{C:/Program Files/MiKTeX/fonts/enc/dvips/lm/lm-ts1.enc}{C:/Program Files/MiKT
eX/fonts/enc/dvips/lm/lm-ec.enc}{C:/Program Files/MiKTeX/fonts/enc/dvips/lm/lm-
rm.enc}{C:/Program Files/MiKTeX/fonts/enc/dvips/lm/lm-mathex.enc}{C:/Program Fi
les/MiKTeX/fonts/enc/dvips/lm/lm-mathsy.enc}{C:/Program Files/MiKTeX/fonts/enc/
dvips/lm/lm-mathit.enc}<C:/Program Files/MiKTeX/fonts/type1/public/lm/lmbx10.pf
b><C:/Program Files/MiKTeX/fonts/type1/public/lm/lmbx12.pfb><C:/Program Files/M
iKTeX/fonts/type1/public/lm/lmex10.pfb><C:/Program Files/MiKTeX/fonts/type1/pub
lic/lm/lmmi10.pfb><C:/Program Files/MiKTeX/fonts/type1/public/lm/lmr10.pfb><C:/
Program Files/MiKTeX/fonts/type1/public/lm/lmr12.pfb><C:/Program Files/MiKTeX/f
onts/type1/public/lm/lmr17.pfb><C:/Program Files/MiKTeX/fonts/type1/public/lm/l
mr7.pfb><C:/Program Files/MiKTeX/fonts/type1/public/lm/lmri10.pfb><C:/Program F
iles/MiKTeX/fonts/type1/public/lm/lmro10.pfb><C:/Program Files/MiKTeX/fonts/typ
e1/public/lm/lmsy10.pfb><C:/Program Files/MiKTeX/fonts/type1/public/lm/lmtk10.p
fb><C:/Program Files/MiKTeX/fonts/type1/public/lm/lmtt10.pfb><C:/Program Files/
MiKTeX/fonts/type1/public/lm/lmtti10.pfb>
Output written on livro.pdf (26 pages, 3400542 bytes).
PDF statistics:
 509 PDF objects out of 1000 (max. 8388607)
 111 named destinations out of 1000 (max. 500000)
 14611 words of extra memory for PDF output out of 17280 (max. 10000000)

